c:\hlocal\tercer-curso-primer-cuatrimestre-master\física\practicafisica\practica3\debug\render.obj
c:\hlocal\tercer-curso-primer-cuatrimestre-master\física\practicafisica\practica3\debug\particula.obj
c:\hlocal\tercer-curso-primer-cuatrimestre-master\física\practicafisica\practica3\debug\main.obj
c:\hlocal\tercer-curso-primer-cuatrimestre-master\física\practicafisica\practica3\debug\camera.obj
c:\hlocal\tercer-curso-primer-cuatrimestre-master\física\practicafisica\practica3\debug\renderutils.obj
c:\hlocal\tercer-curso-primer-cuatrimestre-master\física\practicafisica\bin\practica3debug.pdb
c:\hlocal\tercer-curso-primer-cuatrimestre-master\física\practicafisica\practica4\debug\camera.obj
c:\hlocal\tercer-curso-primer-cuatrimestre-master\física\practicafisica\practica4\debug\particula.obj
c:\hlocal\tercer-curso-primer-cuatrimestre-master\física\practicafisica\practica4\debug\render.obj
c:\hlocal\tercer-curso-primer-cuatrimestre-master\física\practicafisica\practica4\debug\renderutils.obj
c:\hlocal\tercer-curso-primer-cuatrimestre-master\física\practicafisica\practica4\debug\main.obj
c:\hlocal\tercer-curso-primer-cuatrimestre-master\física\practicafisica\bin\practica3debug.ilk
c:\hlocal\tercer-curso-primer-cuatrimestre-master\física\practicafisica\bin\practica3debug.exe
c:\hlocal\tercer-curso-primer-cuatrimestre-master\física\practicafisica\practica4\../bin/practica3debug.exe
c:\hlocal\tercer-curso-primer-cuatrimestre-master\física\practicafisica\practica4\debug\practica3.tlog\cl.command.1.tlog
c:\hlocal\tercer-curso-primer-cuatrimestre-master\física\practicafisica\practica4\debug\practica3.tlog\cl.read.1.tlog
c:\hlocal\tercer-curso-primer-cuatrimestre-master\física\practicafisica\practica4\debug\practica3.tlog\cl.write.1.tlog
c:\hlocal\tercer-curso-primer-cuatrimestre-master\física\practicafisica\practica4\debug\practica3.tlog\link.command.1.tlog
c:\hlocal\tercer-curso-primer-cuatrimestre-master\física\practicafisica\practica4\debug\practica3.tlog\link.read.1.tlog
c:\hlocal\tercer-curso-primer-cuatrimestre-master\física\practicafisica\practica4\debug\practica3.tlog\link.write.1.tlog
