  FireworkManager.cpp
c:\hlocal\tercer-curso-primer-cuatrimestre-master\física\fuerzas\practica1\particula.h(50): warning C4608: Initializing multiple members of union: 'Particula::Medidas::y_' and 'Particula::Medidas::z_'
c:\hlocal\tercer-curso-primer-cuatrimestre-master\física\fuerzas\practica1\particula.h(60): warning C5038: data member 'Particula::inverse_mass' will be initialized after data member 'Particula::damping'
c:\hlocal\tercer-curso-primer-cuatrimestre-master\física\fuerzas\practica1\particula.h(60): warning C5038: data member 'Particula::a' will be initialized after data member 'Particula::p'
c:\hlocal\tercer-curso-primer-cuatrimestre-master\física\fuerzas\practica1\particula.h(60): warning C5038: data member 'Particula::p' will be initialized after data member 'Particula::transform'
c:\hlocal\tercer-curso-primer-cuatrimestre-master\física\fuerzas\practica1\particula.h(60): warning C5038: data member 'Particula::transform' will be initialized after data member 'Particula::lifeTime_'
c:\hlocal\tercer-curso-primer-cuatrimestre-master\física\fuerzas\practica1\particula.h(62): warning C5038: data member 'Particula::inverse_mass' will be initialized after data member 'Particula::damping'
c:\hlocal\tercer-curso-primer-cuatrimestre-master\física\fuerzas\practica1\firework.h(19): warning C4458: declaration of 'a' hides class member
  c:\hlocal\tercer-curso-primer-cuatrimestre-master\física\fuerzas\practica1\particula.h(58): note: see declaration of 'Particula::a'
c:\hlocal\tercer-curso-primer-cuatrimestre-master\física\fuerzas\practica1\templatepool.h(58): warning C4626: 'TemplatePool<Firework>': assignment operator was implicitly defined as deleted
  c:\hlocal\tercer-curso-primer-cuatrimestre-master\física\fuerzas\practica1\fireworkmanager.h(104): note: see reference to class template instantiation 'TemplatePool<Firework>' being compiled
c:\software\programacion\msvstudio2017\vc\tools\msvc\14.15.26726\include\xtree(2358): warning C4625: 'std::_Tree<std::_Tmap_traits<_Kty,_Ty,_Pr,_Alloc,false>>': copy constructor was implicitly defined as deleted
          with
          [
              _Kty=unsigned int,
              _Ty=FireworkManager::FireworkRule,
              _Pr=std::less<unsigned int>,
              _Alloc=std::allocator<std::pair<const unsigned int,FireworkManager::FireworkRule>>
          ]
  c:\software\programacion\msvstudio2017\vc\tools\msvc\14.15.26726\include\map(82): note: see reference to class template instantiation 'std::_Tree<std::_Tmap_traits<_Kty,_Ty,_Pr,_Alloc,false>>' being compiled
          with
          [
              _Kty=unsigned int,
              _Ty=FireworkManager::FireworkRule,
              _Pr=std::less<unsigned int>,
              _Alloc=std::allocator<std::pair<const unsigned int,FireworkManager::FireworkRule>>
          ]
  c:\hlocal\tercer-curso-primer-cuatrimestre-master\física\fuerzas\practica1\fireworkmanager.h(106): note: see reference to class template instantiation 'std::map<unsigned int,FireworkManager::FireworkRule,std::less<_Kty>,std::allocator<std::pair<const _Kty,_Ty>>>' being compiled
          with
          [
              _Kty=unsigned int,
              _Ty=FireworkManager::FireworkRule
          ]
c:\hlocal\tercer-curso-primer-cuatrimestre-master\física\fuerzas\practica1\fireworkmanager.h(125): warning C4626: 'FireworkManager': assignment operator was implicitly defined as deleted
c:\hlocal\tercer-curso-primer-cuatrimestre-master\física\fuerzas\practica1\fireworkmanager.cpp(37): warning C4018: '<': signed/unsigned mismatch
c:\hlocal\tercer-curso-primer-cuatrimestre-master\física\fuerzas\practica1\templatepool.h(14): warning C4018: '<': signed/unsigned mismatch
  c:\hlocal\tercer-curso-primer-cuatrimestre-master\física\fuerzas\practica1\templatepool.h(14): note: while compiling class template member function 'TemplatePool<Firework>::TemplatePool(void)'
  c:\hlocal\tercer-curso-primer-cuatrimestre-master\física\fuerzas\practica1\fireworkmanager.cpp(6): note: see reference to function template instantiation 'TemplatePool<Firework>::TemplatePool(void)' being compiled
  c:\hlocal\tercer-curso-primer-cuatrimestre-master\física\fuerzas\practica1\fireworkmanager.h(104): note: see reference to class template instantiation 'TemplatePool<Firework>' being compiled
  game.vcxproj -> C:\hlocal\Tercer-Curso-Primer-Cuatrimestre-master\Física\Fuerzas\Practica1\../bin/Practica1.exe
